2011-06-16T14:52:17+02:00	File: /var/www/htdocs/delight_projects/delight_cms/delight_hp/images/page/e4228b94cd287c283dd16f1f006ce631.jpg
2011-06-16T14:53:29+02:00	File: /var/www/htdocs/delight_projects/delight_cms/delight_hp/images/page/e4228b94cd287c283dd16f1f006ce631.jpg
2011-06-16T14:58:23+02:00	File: dummy.jpg
2011-06-16T14:58:23+02:00	Resource id #3544
2011-06-16T15:19:02+02:00	Class not Found: Sabre_DAV_Auth_Backend_Abstract
2011-06-16T15:20:40+02:00	File: test.png
2011-06-16T15:20:40+02:00	Resource id #3797
2011-06-16T15:28:54+02:00	File: sundb_schriften.png
2011-06-16T15:28:54+02:00	Resource id #3797
2011-06-16T15:28:55+02:00	written: 0
2011-06-16T15:33:53+02:00	File: test.jpg
2011-06-16T15:33:53+02:00	<html>

2011-06-16T15:34:51+02:00	File: sundb_schriften.png
2011-06-16T15:34:51+02:00	size: 0
2011-06-16T15:35:52+02:00	File: sundb_schriften.png
2011-06-16T15:35:52+02:00	size: 6
2011-06-16T15:37:00+02:00	File: sundb_schriften.png
2011-06-16T15:37:00+02:00	size: 40072
2011-06-16T15:38:09+02:00	Put: /var/www/htdocs/delight_projects/delight_cms/delight_hp/images/page/e6fa3c2f5a05c8da8c863c540b8f2069.png
2011-06-16T15:38:46+02:00	Put: /var/www/htdocs/delight_projects/delight_cms/delight_hp/images/page/e6fa3c2f5a05c8da8c863c540b8f2069.png
2011-06-16T15:38:46+02:00	size: 40072
2011-06-16T15:39:53+02:00	File: sundb_schriften.png
2011-06-16T15:39:53+02:00	size: 0
